<?xml version="1.0" encoding="UTF-8"?>
<!-- Generated by org.testng.reporters.JUnitReportReporter -->
<testsuite hostname="fars_lap" failures="0" tests="1" name="karshikatestpkg.KarshikaBrokenlinkTest" time="0.033" errors="0" timestamp="2025-05-14T14:38:43 GST" skipped="0">
  <testcase classname="karshikatestpkg.KarshikaBrokenlinkTest" name="test1" time="0.033"/>
</testsuite> <!-- karshikatestpkg.KarshikaBrokenlinkTest -->
