<?xml version="1.0" encoding="UTF-8"?>
<!-- Generated by org.testng.reporters.JUnitReportReporter -->
<testsuite hostname="fars_lap" failures="0" tests="1" name="karshikatestpkg.KarshikaAccountTest" time="6.260" errors="0" timestamp="2025-05-23T16:23:28 GST" skipped="0">
  <testcase classname="karshikatestpkg.KarshikaAccountTest" name="test1" time="6.260"/>
</testsuite> <!-- karshikatestpkg.KarshikaAccountTest -->
