<?xml version="1.0" encoding="UTF-8"?>
<!-- Generated by org.testng.reporters.JUnitReportReporter -->
<testsuite hostname="fars_lap" failures="0" tests="1" name="karshikatestpkg.KarshikaRegistrationTest" time="2.417" errors="0" timestamp="2025-05-13T10:05:20 GST" skipped="0">
  <testcase classname="karshikatestpkg.KarshikaRegistrationTest" name="test1" time="2.417"/>
</testsuite> <!-- karshikatestpkg.KarshikaRegistrationTest -->
